<?xml version="1.0" encoding="UTF-8"?>
<!-- Generated by org.testng.reporters.JUnitXMLReporter -->
<testsuite ignored="4" hostname="LAPTOP-IPUGRILU" failures="0" tests="2" name="Test2" time="76.165" errors="0" timestamp="2025-07-20T07:23:42 AST">
  <testcase classname="Ninzacrm.Createcampaign_status" name="Createcampaign_status" time="10.865"/>
  <testcase classname="Ninzacrm.Dateaftercreating" name="Dateaftercreating" time="8.668"/>
  <testcase classname="baseclass.baseclass" name="@BeforeSuite beforesuite" time="0.0">
    <ignored/>
  </testcase> <!-- @BeforeSuite beforesuite -->
  <testcase classname="baseclass.baseclass" name="@BeforeTest beforetest" time="0.0">
    <ignored/>
  </testcase> <!-- @BeforeTest beforetest -->
  <testcase classname="baseclass.baseclass" name="@AfterTest aftertest" time="0.0">
    <ignored/>
  </testcase> <!-- @AfterTest aftertest -->
  <testcase classname="baseclass.baseclass" name="@AfterSuite aftersuite" time="0.0">
    <ignored/>
  </testcase> <!-- @AfterSuite aftersuite -->
</testsuite> <!-- Test2 -->
